<?xml version="1.0" encoding="UTF-8"?>
<testsuite name="com.adventure.MT6" tests="3" skipped="0" failures="0" errors="0" timestamp="2022-09-22T08:17:15" hostname="MININT-TCFPB5L" time="1.878">
  <properties/>
  <testcase name="testCommandHelp()" classname="com.adventure.MT6" time="1.849"/>
  <testcase name="testCommandMove()" classname="com.adventure.MT6" time="0.02"/>
  <testcase name="testCommandUse()" classname="com.adventure.MT6" time="0.003"/>
  <system-out><![CDATA[]]></system-out>
  <system-err><![CDATA[]]></system-err>
</testsuite>
