<?xml version="1.0" encoding="UTF-8"?>
<testsuite name="com.adventure.MT9" tests="1" skipped="0" failures="0" errors="0" timestamp="2022-10-10T05:06:35" hostname="MININT-TCFPB5L" time="0.128">
  <properties/>
  <testcase name="testOmniDoorKey()" classname="com.adventure.MT9" time="0.128"/>
  <system-out><![CDATA[The door is unlocked
The door is unlocked
The door is unlocked
The door is unlocked
The door is unlocked
]]></system-out>
  <system-err><![CDATA[]]></system-err>
</testsuite>
