<?xml version="1.0" encoding="UTF-8"?>
<testsuite name="com.adventure.MT6" tests="3" skipped="0" failures="0" errors="0" timestamp="2022-09-22T07:58:33" hostname="MININT-TCFPB5L" time="1.921">
  <properties/>
  <testcase name="testCommandHelp()" classname="com.adventure.MT6" time="1.902"/>
  <testcase name="testCommandMove()" classname="com.adventure.MT6" time="0.012"/>
  <testcase name="testCommandUse()" classname="com.adventure.MT6" time="0.004"/>
  <system-out><![CDATA[help
move
move
use
]]></system-out>
  <system-err><![CDATA[]]></system-err>
</testsuite>
