<?xml version="1.0" encoding="UTF-8"?>
<testsuite name="com.adventure.MT8" tests="5" skipped="0" failures="0" errors="0" timestamp="2022-10-03T03:43:39" hostname="MININT-TCFPB5L" time="2.333">
  <properties/>
  <testcase name="testPrintItemsCommand()" classname="com.adventure.MT8" time="2.226"/>
  <testcase name="testBackpackAddRemoveItem()" classname="com.adventure.MT8" time="0.038"/>
  <testcase name="testBackpackLimit()" classname="com.adventure.MT8" time="0.026"/>
  <testcase name="testBackpackViaPlayer()" classname="com.adventure.MT8" time="0.033"/>
  <testcase name="testPrintBackpack()" classname="com.adventure.MT8" time="0.005"/>
  <system-out><![CDATA[]]></system-out>
  <system-err><![CDATA[]]></system-err>
</testsuite>
